150926  6:50:45 [Note] Plugin 'InnoDB' disabled by command line option
150926  6:50:45 [Note] Event Scheduler: Loaded 0 events
150926  6:50:45 [Note] MySQL: ready for connections.
Version: '5.1.28-rc-community'  socket: ''  port: 3306  MySQL Community Server (GPL)
150926  7:00:57 [Note] MySQL: Normal shutdown

150926  7:00:57 [Note] Event Scheduler: Purging the queue. 0 events
150926  7:00:57 [Note] MySQL: Shutdown complete

150926  7:19:43 [Note] Plugin 'InnoDB' disabled by command line option
150926  7:19:43 [Note] Event Scheduler: Loaded 0 events
150926  7:19:43 [Note] MySQL: ready for connections.
Version: '5.1.28-rc-community'  socket: ''  port: 3306  MySQL Community Server (GPL)
150926  7:20:59 [Note] MySQL: Normal shutdown

150926  7:20:59 [Note] Event Scheduler: Purging the queue. 0 events
150926  7:20:59 [Note] MySQL: Shutdown complete

150926  7:22:03 [Note] Plugin 'InnoDB' disabled by command line option
150926  7:22:03 [Note] Event Scheduler: Loaded 0 events
150926  7:22:03 [Note] MySQL: ready for connections.
Version: '5.1.28-rc-community'  socket: ''  port: 3306  MySQL Community Server (GPL)
150926  7:22:32 [Note] MySQL: Normal shutdown

150926  7:22:32 [Note] Event Scheduler: Purging the queue. 0 events
150926  7:22:34 [Note] MySQL: Shutdown complete

150926  7:23:51 [Note] Plugin 'InnoDB' disabled by command line option
150926  7:23:51 [Note] Event Scheduler: Loaded 0 events
150926  7:23:51 [Note] MySQL: ready for connections.
Version: '5.1.28-rc-community'  socket: ''  port: 3306  MySQL Community Server (GPL)
150926  7:24:34 [Note] MySQL: Normal shutdown

150926  7:24:34 [Note] Event Scheduler: Purging the queue. 0 events
150926  7:24:36 [Note] MySQL: Shutdown complete

150926  8:00:53 [Note] Plugin 'InnoDB' disabled by command line option
150926  8:00:53 [Note] Event Scheduler: Loaded 0 events
150926  8:00:53 [Note] MySQL: ready for connections.
Version: '5.1.28-rc-community'  socket: ''  port: 3306  MySQL Community Server (GPL)
150926  8:09:23 [Note] MySQL: Normal shutdown

150926  8:09:23 [Note] Event Scheduler: Purging the queue. 0 events
150926  8:09:25 [Warning] MySQL: Forcing close of thread 9  user: 'root'

150926  8:09:25 [Warning] MySQL: Forcing close of thread 8  user: 'root'

150926  8:09:25 [Warning] MySQL: Forcing close of thread 7  user: 'root'

150926  8:09:25 [Warning] MySQL: Forcing close of thread 6  user: 'root'

150926  8:09:25 [Warning] MySQL: Forcing close of thread 5  user: 'root'

150926  8:09:25 [Note] MySQL: Shutdown complete

150926  8:09:27 [Note] Plugin 'InnoDB' disabled by command line option
150926  8:09:27 [Note] Event Scheduler: Loaded 0 events
150926  8:09:27 [Note] MySQL: ready for connections.
Version: '5.1.28-rc-community'  socket: ''  port: 3306  MySQL Community Server (GPL)
150926  8:16:22 [Note] MySQL: Normal shutdown

150926  8:16:22 [Note] Event Scheduler: Purging the queue. 0 events
150926  8:16:22 [Note] MySQL: Shutdown complete

150926  8:16:26 [Note] Plugin 'InnoDB' disabled by command line option
150926  8:16:26 [Note] Event Scheduler: Loaded 0 events
150926  8:16:26 [Note] MySQL: ready for connections.
Version: '5.1.28-rc-community'  socket: ''  port: 3306  MySQL Community Server (GPL)
150926  8:18:50 [Note] MySQL: Normal shutdown

150926  8:18:50 [Note] Event Scheduler: Purging the queue. 0 events
150926  8:18:52 [Note] MySQL: Shutdown complete

150926  8:21:00 [Note] Plugin 'InnoDB' disabled by command line option
150926  8:21:00 [Note] Event Scheduler: Loaded 0 events
150926  8:21:00 [Note] MySQL: ready for connections.
Version: '5.1.28-rc-community'  socket: ''  port: 3306  MySQL Community Server (GPL)
150926  8:22:57 [Note] MySQL: Normal shutdown

150926  8:22:57 [Note] Event Scheduler: Purging the queue. 0 events
150926  8:22:57 [Note] MySQL: Shutdown complete

150926  8:23:00 [Note] Plugin 'InnoDB' disabled by command line option
150926  8:23:00 [Note] Event Scheduler: Loaded 0 events
150926  8:23:00 [Note] MySQL: ready for connections.
Version: '5.1.28-rc-community'  socket: ''  port: 3306  MySQL Community Server (GPL)
150926  8:23:34 [Note] MySQL: Normal shutdown

150926  8:23:34 [Note] Event Scheduler: Purging the queue. 0 events
150926  8:23:34 [Note] MySQL: Shutdown complete

150926  8:23:37 [Note] Plugin 'InnoDB' disabled by command line option
150926  8:23:37 [Note] Event Scheduler: Loaded 0 events
150926  8:23:37 [Note] MySQL: ready for connections.
Version: '5.1.28-rc-community'  socket: ''  port: 3306  MySQL Community Server (GPL)
150926  8:24:35 [Note] MySQL: Normal shutdown

150926  8:24:35 [Note] Event Scheduler: Purging the queue. 0 events
150926  8:24:35 [Note] MySQL: Shutdown complete

150926  8:24:38 [Note] Plugin 'InnoDB' disabled by command line option
150926  8:24:38 [Note] Event Scheduler: Loaded 0 events
150926  8:24:38 [Note] MySQL: ready for connections.
Version: '5.1.28-rc-community'  socket: ''  port: 3306  MySQL Community Server (GPL)
150926  8:26:29 [Note] MySQL: Normal shutdown

150926  8:26:29 [Note] Event Scheduler: Purging the queue. 0 events
150926  8:26:29 [Note] MySQL: Shutdown complete

150926  8:26:33 [Note] Plugin 'InnoDB' disabled by command line option
150926  8:26:33 [Note] Event Scheduler: Loaded 0 events
150926  8:26:33 [Note] MySQL: ready for connections.
Version: '5.1.28-rc-community'  socket: ''  port: 3306  MySQL Community Server (GPL)
150926  8:30:12 [Note] MySQL: Normal shutdown

150926  8:30:12 [Note] Event Scheduler: Purging the queue. 0 events
150926  8:30:12 [Note] MySQL: Shutdown complete

150926  8:30:15 [Note] Plugin 'InnoDB' disabled by command line option
150926  8:30:15 [Note] Event Scheduler: Loaded 0 events
150926  8:30:15 [Note] MySQL: ready for connections.
Version: '5.1.28-rc-community'  socket: ''  port: 3306  MySQL Community Server (GPL)
150926  8:30:48 [Note] MySQL: Normal shutdown

150926  8:30:48 [Note] Event Scheduler: Purging the queue. 0 events
150926  8:30:50 [Warning] MySQL: Forcing close of thread 3  user: 'root'

150926  8:30:50 [Warning] MySQL: Forcing close of thread 2  user: 'root'

150926  8:30:50 [Note] MySQL: Shutdown complete

150926  8:30:51 [Note] Plugin 'InnoDB' disabled by command line option
150926  8:30:51 [Note] Event Scheduler: Loaded 0 events
150926  8:30:51 [Note] MySQL: ready for connections.
Version: '5.1.28-rc-community'  socket: ''  port: 3306  MySQL Community Server (GPL)
150926  8:31:10 [Note] MySQL: Normal shutdown

150926  8:31:10 [Note] Event Scheduler: Purging the queue. 0 events
150926  8:31:10 [Note] MySQL: Shutdown complete

150926  8:31:57 [Note] Plugin 'InnoDB' disabled by command line option
150926  8:31:57 [Note] Event Scheduler: Loaded 0 events
150926  8:31:57 [Note] MySQL: ready for connections.
Version: '5.1.28-rc-community'  socket: ''  port: 3306  MySQL Community Server (GPL)
150926  8:32:12 [Note] MySQL: Normal shutdown

150926  8:32:12 [Note] Event Scheduler: Purging the queue. 0 events
150926  8:32:12 [Note] MySQL: Shutdown complete

150926  8:32:29 [Note] Plugin 'InnoDB' disabled by command line option
150926  8:32:29 [Note] Event Scheduler: Loaded 0 events
150926  8:32:29 [Note] MySQL: ready for connections.
Version: '5.1.28-rc-community'  socket: ''  port: 3306  MySQL Community Server (GPL)
150926  8:33:45 [Note] MySQL: Normal shutdown

150926  8:33:45 [Note] Event Scheduler: Purging the queue. 0 events
150926  8:33:45 [Note] MySQL: Shutdown complete

150926  8:33:48 [Note] Plugin 'InnoDB' disabled by command line option
150926  8:33:48 [Note] Event Scheduler: Loaded 0 events
150926  8:33:48 [Note] MySQL: ready for connections.
Version: '5.1.28-rc-community'  socket: ''  port: 3306  MySQL Community Server (GPL)
150926  8:34:28 [Note] MySQL: Normal shutdown

150926  8:34:28 [Note] Event Scheduler: Purging the queue. 0 events
150926  8:34:28 [Note] MySQL: Shutdown complete

150926  8:34:32 [Note] Plugin 'InnoDB' disabled by command line option
150926  8:34:32 [Note] Event Scheduler: Loaded 0 events
150926  8:34:32 [Note] MySQL: ready for connections.
Version: '5.1.28-rc-community'  socket: ''  port: 3306  MySQL Community Server (GPL)
150926  8:34:52 [Note] MySQL: Normal shutdown

150926  8:34:52 [Note] Event Scheduler: Purging the queue. 0 events
150926  8:34:52 [Note] MySQL: Shutdown complete

150926  8:34:55 [Note] Plugin 'InnoDB' disabled by command line option
150926  8:34:55 [Note] Event Scheduler: Loaded 0 events
150926  8:34:55 [Note] MySQL: ready for connections.
Version: '5.1.28-rc-community'  socket: ''  port: 3306  MySQL Community Server (GPL)
150926  8:35:05 [Note] MySQL: Normal shutdown

150926  8:35:05 [Note] Event Scheduler: Purging the queue. 0 events
150926  8:35:05 [Note] MySQL: Shutdown complete

150926  8:35:21 [Note] Plugin 'InnoDB' disabled by command line option
150926  8:35:21 [Note] Event Scheduler: Loaded 0 events
150926  8:35:21 [Note] MySQL: ready for connections.
Version: '5.1.28-rc-community'  socket: ''  port: 3306  MySQL Community Server (GPL)
150926  8:36:01 [Note] MySQL: Normal shutdown

150926  8:36:01 [Note] Event Scheduler: Purging the queue. 0 events
150926  8:36:01 [Note] MySQL: Shutdown complete

150926  8:36:04 [Note] Plugin 'InnoDB' disabled by command line option
150926  8:36:04 [Note] Event Scheduler: Loaded 0 events
150926  8:36:04 [Note] MySQL: ready for connections.
Version: '5.1.28-rc-community'  socket: ''  port: 3306  MySQL Community Server (GPL)
150926  8:36:35 [Note] MySQL: Normal shutdown

150926  8:36:35 [Note] Event Scheduler: Purging the queue. 0 events
150926  8:36:35 [Note] MySQL: Shutdown complete

150926  8:36:39 [Note] Plugin 'InnoDB' disabled by command line option
150926  8:36:39 [Note] Event Scheduler: Loaded 0 events
150926  8:36:39 [Note] MySQL: ready for connections.
Version: '5.1.28-rc-community'  socket: ''  port: 3306  MySQL Community Server (GPL)
150926  8:38:31 [Note] MySQL: Normal shutdown

150926  8:38:31 [Note] Event Scheduler: Purging the queue. 0 events
150926  8:38:31 [Note] MySQL: Shutdown complete

150926  8:38:35 [Note] Plugin 'InnoDB' disabled by command line option
150926  8:38:35 [Note] Event Scheduler: Loaded 0 events
150926  8:38:35 [Note] MySQL: ready for connections.
Version: '5.1.28-rc-community'  socket: ''  port: 3306  MySQL Community Server (GPL)
150926  8:38:51 [Note] MySQL: Normal shutdown

150926  8:38:51 [Note] Event Scheduler: Purging the queue. 0 events
150926  8:38:51 [Note] MySQL: Shutdown complete

150926  8:42:09 [Note] Plugin 'InnoDB' disabled by command line option
150926  8:42:09 [Note] Event Scheduler: Loaded 0 events
150926  8:42:09 [Note] MySQL: ready for connections.
Version: '5.1.28-rc-community'  socket: ''  port: 3306  MySQL Community Server (GPL)
150926  8:44:42 [Note] MySQL: Normal shutdown

150926  8:44:42 [Note] Event Scheduler: Purging the queue. 0 events
150926  8:44:44 [Note] MySQL: Shutdown complete

150926  8:46:23 [Note] Plugin 'InnoDB' disabled by command line option
150926  8:46:23 [Note] Event Scheduler: Loaded 0 events
150926  8:46:23 [Note] MySQL: ready for connections.
Version: '5.1.28-rc-community'  socket: ''  port: 3306  MySQL Community Server (GPL)
150926  8:46:41 [Note] MySQL: Normal shutdown

150926  8:46:41 [Note] Event Scheduler: Purging the queue. 0 events
150926  8:46:43 [Warning] MySQL: Forcing close of thread 1  user: 'root'

150926  8:46:43 [Note] MySQL: Shutdown complete

150926  8:46:44 [Note] Plugin 'InnoDB' disabled by command line option
150926  8:46:44 [Note] Event Scheduler: Loaded 0 events
150926  8:46:44 [Note] MySQL: ready for connections.
Version: '5.1.28-rc-community'  socket: ''  port: 3306  MySQL Community Server (GPL)
150926  8:47:06 [Note] MySQL: Normal shutdown

150926  8:47:06 [Note] Event Scheduler: Purging the queue. 0 events
150926  8:47:06 [Note] MySQL: Shutdown complete

150926  8:47:10 [Note] Plugin 'InnoDB' disabled by command line option
150926  8:47:10 [Note] Event Scheduler: Loaded 0 events
150926  8:47:10 [Note] MySQL: ready for connections.
Version: '5.1.28-rc-community'  socket: ''  port: 3306  MySQL Community Server (GPL)
150926  8:47:15 [Note] MySQL: Normal shutdown

150926  8:47:15 [Note] Event Scheduler: Purging the queue. 0 events
150926  8:47:15 [Note] MySQL: Shutdown complete

150926  8:47:29 [Note] Plugin 'InnoDB' disabled by command line option
150926  8:47:29 [Note] Event Scheduler: Loaded 0 events
150926  8:47:29 [Note] MySQL: ready for connections.
Version: '5.1.28-rc-community'  socket: ''  port: 3306  MySQL Community Server (GPL)
150926  8:47:50 [Note] MySQL: Normal shutdown

150926  8:47:50 [Note] Event Scheduler: Purging the queue. 0 events
150926  8:47:52 [Warning] MySQL: Forcing close of thread 1  user: 'root'

150926  8:47:52 [Note] MySQL: Shutdown complete

150926  8:47:54 [Note] Plugin 'InnoDB' disabled by command line option
150926  8:47:54 [Note] Event Scheduler: Loaded 0 events
150926  8:47:54 [Note] MySQL: ready for connections.
Version: '5.1.28-rc-community'  socket: ''  port: 3306  MySQL Community Server (GPL)
150926  8:48:56 [Note] MySQL: Normal shutdown

150926  8:48:56 [Note] Event Scheduler: Purging the queue. 0 events
150926  8:48:56 [Note] MySQL: Shutdown complete

150926  8:49:00 [Note] Plugin 'InnoDB' disabled by command line option
150926  8:49:00 [Note] Event Scheduler: Loaded 0 events
150926  8:49:00 [Note] MySQL: ready for connections.
Version: '5.1.28-rc-community'  socket: ''  port: 3306  MySQL Community Server (GPL)
150926  8:49:24 [Note] MySQL: Normal shutdown

150926  8:49:24 [Note] Event Scheduler: Purging the queue. 0 events
150926  8:49:26 [Warning] MySQL: Forcing close of thread 1  user: 'root'

150926  8:49:26 [Note] MySQL: Shutdown complete

150926  8:49:27 [Note] Plugin 'InnoDB' disabled by command line option
150926  8:49:27 [Note] Event Scheduler: Loaded 0 events
150926  8:49:27 [Note] MySQL: ready for connections.
Version: '5.1.28-rc-community'  socket: ''  port: 3306  MySQL Community Server (GPL)
150926  8:50:28 [Note] MySQL: Normal shutdown

150926  8:50:28 [Note] Event Scheduler: Purging the queue. 0 events
150926  8:50:28 [Note] MySQL: Shutdown complete

150926  8:50:31 [Note] Plugin 'InnoDB' disabled by command line option
150926  8:50:31 [Note] Event Scheduler: Loaded 0 events
150926  8:50:31 [Note] MySQL: ready for connections.
Version: '5.1.28-rc-community'  socket: ''  port: 3306  MySQL Community Server (GPL)
150926  8:53:50 [Note] MySQL: Normal shutdown

150926  8:53:50 [Note] Event Scheduler: Purging the queue. 0 events
150926  8:53:50 [Note] MySQL: Shutdown complete

150926  8:58:21 [Note] Plugin 'InnoDB' disabled by command line option
150926  8:58:21 [Note] Event Scheduler: Loaded 0 events
150926  8:58:21 [Note] MySQL: ready for connections.
Version: '5.1.28-rc-community'  socket: ''  port: 3306  MySQL Community Server (GPL)
150926  9:03:36 [Note] MySQL: Normal shutdown

150926  9:03:36 [Note] Event Scheduler: Purging the queue. 0 events
150926  9:03:36 [Note] MySQL: Shutdown complete

150926  9:03:40 [Note] Plugin 'InnoDB' disabled by command line option
150926  9:03:40 [Note] Event Scheduler: Loaded 0 events
150926  9:03:40 [Note] MySQL: ready for connections.
Version: '5.1.28-rc-community'  socket: ''  port: 3306  MySQL Community Server (GPL)
150926  9:07:15 [Note] MySQL: Normal shutdown

150926  9:07:15 [Note] Event Scheduler: Purging the queue. 0 events
150926  9:07:17 [Warning] MySQL: Forcing close of thread 2  user: 'root'

150926  9:07:17 [Note] MySQL: Shutdown complete

150926  9:07:18 [Note] Plugin 'InnoDB' disabled by command line option
150926  9:07:18 [Note] Event Scheduler: Loaded 0 events
150926  9:07:18 [Note] MySQL: ready for connections.
Version: '5.1.28-rc-community'  socket: ''  port: 3306  MySQL Community Server (GPL)
150926  9:08:16 [Note] MySQL: Normal shutdown

150926  9:08:16 [Note] Event Scheduler: Purging the queue. 0 events
150926  9:08:16 [Note] MySQL: Shutdown complete

150926  9:14:30 [Note] Plugin 'InnoDB' disabled by command line option
150926  9:14:30 [Note] Event Scheduler: Loaded 0 events
150926  9:14:30 [Note] MySQL: ready for connections.
Version: '5.1.28-rc-community'  socket: ''  port: 3306  MySQL Community Server (GPL)
150926  9:14:38 [Note] MySQL: Normal shutdown

150926  9:14:38 [Note] Event Scheduler: Purging the queue. 0 events
150926  9:14:38 [Note] MySQL: Shutdown complete

150926  9:46:26 [Note] Plugin 'InnoDB' disabled by command line option
150926  9:46:26 [Note] Event Scheduler: Loaded 0 events
150926  9:46:26 [Note] MySQL: ready for connections.
Version: '5.1.28-rc-community'  socket: ''  port: 3306  MySQL Community Server (GPL)
150926  9:46:52 [Note] MySQL: Normal shutdown

150926  9:46:52 [Note] Event Scheduler: Purging the queue. 0 events
150926  9:46:52 [Note] MySQL: Shutdown complete

150926  9:49:05 [Note] Plugin 'InnoDB' disabled by command line option
150926  9:49:05 [Note] Event Scheduler: Loaded 0 events
150926  9:49:05 [Note] MySQL: ready for connections.
Version: '5.1.28-rc-community'  socket: ''  port: 3306  MySQL Community Server (GPL)
150926  9:51:34 [Note] MySQL: Normal shutdown

150926  9:51:34 [Note] Event Scheduler: Purging the queue. 0 events
150926  9:51:34 [Note] MySQL: Shutdown complete

150926  9:51:37 [Note] Plugin 'InnoDB' disabled by command line option
150926  9:51:37 [Note] Event Scheduler: Loaded 0 events
150926  9:51:37 [Note] MySQL: ready for connections.
Version: '5.1.28-rc-community'  socket: ''  port: 3306  MySQL Community Server (GPL)
150926  9:59:38 [Note] MySQL: Normal shutdown

150926  9:59:38 [Note] Event Scheduler: Purging the queue. 0 events
150926  9:59:40 [Warning] MySQL: Forcing close of thread 1  user: 'root'

150926  9:59:40 [Note] MySQL: Shutdown complete

150926 10:06:37 [Note] Plugin 'InnoDB' disabled by command line option
150926 10:06:37 [Note] Event Scheduler: Loaded 0 events
150926 10:06:37 [Note] MySQL: ready for connections.
Version: '5.1.28-rc-community'  socket: ''  port: 3306  MySQL Community Server (GPL)
150926 10:22:31 [Note] MySQL: Normal shutdown

150926 10:22:31 [Note] Event Scheduler: Purging the queue. 0 events
150926 10:22:33 [Warning] MySQL: Forcing close of thread 4  user: 'root'

150926 10:22:33 [Warning] MySQL: Forcing close of thread 3  user: 'root'

150926 10:22:33 [Warning] MySQL: Forcing close of thread 2  user: 'root'

150926 10:22:33 [Note] MySQL: Shutdown complete

150926 10:29:17 [Note] Plugin 'InnoDB' disabled by command line option
150926 10:29:17 [Note] Event Scheduler: Loaded 0 events
150926 10:29:17 [Note] MySQL: ready for connections.
Version: '5.1.28-rc-community'  socket: ''  port: 3306  MySQL Community Server (GPL)
150926 10:29:28 [Note] MySQL: Normal shutdown

150926 10:29:28 [Note] Event Scheduler: Purging the queue. 0 events
150926 10:29:28 [Note] MySQL: Shutdown complete

150926 10:37:38 [Note] Plugin 'InnoDB' disabled by command line option
150926 10:37:38 [Note] Event Scheduler: Loaded 0 events
150926 10:37:38 [Note] MySQL: ready for connections.
Version: '5.1.28-rc-community'  socket: ''  port: 3306  MySQL Community Server (GPL)
150926 10:38:23 [Note] MySQL: Normal shutdown

150926 10:38:23 [Note] Event Scheduler: Purging the queue. 0 events
150926 10:38:23 [Note] MySQL: Shutdown complete

150926 10:38:27 [Note] Plugin 'InnoDB' disabled by command line option
150926 10:38:27 [Note] Event Scheduler: Loaded 0 events
150926 10:38:27 [Note] MySQL: ready for connections.
Version: '5.1.28-rc-community'  socket: ''  port: 3306  MySQL Community Server (GPL)
150926 10:42:24 [Note] MySQL: Normal shutdown

150926 10:42:24 [Note] Event Scheduler: Purging the queue. 0 events
150926 10:42:24 [Note] MySQL: Shutdown complete

150926 10:42:27 [Note] Plugin 'InnoDB' disabled by command line option
150926 10:42:27 [Note] Event Scheduler: Loaded 0 events
150926 10:42:27 [Note] MySQL: ready for connections.
Version: '5.1.28-rc-community'  socket: ''  port: 3306  MySQL Community Server (GPL)
150926 10:42:59 [Note] MySQL: Normal shutdown

150926 10:42:59 [Note] Event Scheduler: Purging the queue. 0 events
150926 10:43:01 [Warning] MySQL: Forcing close of thread 5  user: 'root'

150926 10:43:01 [Warning] MySQL: Forcing close of thread 4  user: 'root'

150926 10:43:01 [Warning] MySQL: Forcing close of thread 3  user: 'root'

150926 10:43:01 [Warning] MySQL: Forcing close of thread 2  user: 'root'

150926 10:43:01 [Note] MySQL: Shutdown complete

150926 10:43:02 [Note] Plugin 'InnoDB' disabled by command line option
150926 10:43:03 [Note] Event Scheduler: Loaded 0 events
150926 10:43:03 [Note] MySQL: ready for connections.
Version: '5.1.28-rc-community'  socket: ''  port: 3306  MySQL Community Server (GPL)
150926 10:45:41 [Note] MySQL: Normal shutdown

150926 10:45:41 [Note] Event Scheduler: Purging the queue. 0 events
150926 10:45:41 [Note] MySQL: Shutdown complete

150926 10:45:44 [Note] Plugin 'InnoDB' disabled by command line option
150926 10:45:44 [Note] Event Scheduler: Loaded 0 events
150926 10:45:44 [Note] MySQL: ready for connections.
Version: '5.1.28-rc-community'  socket: ''  port: 3306  MySQL Community Server (GPL)
150926 10:46:28 [Note] MySQL: Normal shutdown

150926 10:46:28 [Note] Event Scheduler: Purging the queue. 0 events
150926 10:46:28 [Note] MySQL: Shutdown complete

150926 10:50:06 [Note] Plugin 'InnoDB' disabled by command line option
150926 10:50:06 [Note] Event Scheduler: Loaded 0 events
150926 10:50:06 [Note] MySQL: ready for connections.
Version: '5.1.28-rc-community'  socket: ''  port: 3306  MySQL Community Server (GPL)
150926 10:50:37 [Note] MySQL: Normal shutdown

150926 10:50:37 [Note] Event Scheduler: Purging the queue. 0 events
150926 10:50:37 [Note] MySQL: Shutdown complete

150926 10:50:52 [Note] Plugin 'InnoDB' disabled by command line option
150926 10:50:52 [Note] Event Scheduler: Loaded 0 events
150926 10:50:53 [Note] MySQL: ready for connections.
Version: '5.1.28-rc-community'  socket: ''  port: 3306  MySQL Community Server (GPL)
150926 10:51:38 [Note] MySQL: Normal shutdown

150926 10:51:38 [Note] Event Scheduler: Purging the queue. 0 events
150926 10:51:38 [Note] MySQL: Shutdown complete

150926 10:52:01 [Note] Plugin 'InnoDB' disabled by command line option
150926 10:52:01 [Note] Event Scheduler: Loaded 0 events
150926 10:52:01 [Note] MySQL: ready for connections.
Version: '5.1.28-rc-community'  socket: ''  port: 3306  MySQL Community Server (GPL)
150926 11:06:26 [Note] MySQL: Normal shutdown

150926 11:06:26 [Note] Event Scheduler: Purging the queue. 0 events
150926 11:06:28 [Warning] MySQL: Forcing close of thread 2  user: 'root'

150926 11:06:28 [Note] MySQL: Shutdown complete

150926 12:03:46 [Note] Plugin 'InnoDB' disabled by command line option
150926 12:03:50 [Note] Event Scheduler: Loaded 0 events
150926 12:03:50 [Note] MySQL: ready for connections.
Version: '5.1.28-rc-community'  socket: ''  port: 3306  MySQL Community Server (GPL)
150926 12:54:44 [Note] MySQL: Normal shutdown

150926 12:54:44 [Note] Event Scheduler: Purging the queue. 0 events
150926 12:54:44 [Note] MySQL: Shutdown complete

150926 12:54:47 [Note] Plugin 'InnoDB' disabled by command line option
150926 12:54:47 [Note] Event Scheduler: Loaded 0 events
150926 12:54:47 [Note] MySQL: ready for connections.
Version: '5.1.28-rc-community'  socket: ''  port: 3306  MySQL Community Server (GPL)
150926 12:55:11 [Note] MySQL: Normal shutdown

150926 12:55:11 [Note] Event Scheduler: Purging the queue. 0 events
150926 12:55:11 [Note] MySQL: Shutdown complete

150926 13:52:15 [Note] Plugin 'InnoDB' disabled by command line option
150926 13:52:15 [Note] Event Scheduler: Loaded 0 events
150926 13:52:15 [Note] MySQL: ready for connections.
Version: '5.1.28-rc-community'  socket: ''  port: 3306  MySQL Community Server (GPL)
150926 13:56:53 [Note] MySQL: Normal shutdown

150926 13:56:53 [Note] Event Scheduler: Purging the queue. 0 events
150926 13:56:53 [Note] MySQL: Shutdown complete

150926 13:56:56 [Note] Plugin 'InnoDB' disabled by command line option
150926 13:56:56 [Note] Event Scheduler: Loaded 0 events
150926 13:56:56 [Note] MySQL: ready for connections.
Version: '5.1.28-rc-community'  socket: ''  port: 3306  MySQL Community Server (GPL)
150926 13:57:14 [Note] MySQL: Normal shutdown

150926 13:57:14 [Note] Event Scheduler: Purging the queue. 0 events
150926 13:57:14 [Note] MySQL: Shutdown complete

150926 13:57:29 [Note] Plugin 'InnoDB' disabled by command line option
150926 13:57:29 [Note] Event Scheduler: Loaded 0 events
150926 13:57:29 [Note] MySQL: ready for connections.
Version: '5.1.28-rc-community'  socket: ''  port: 3306  MySQL Community Server (GPL)
150926 14:04:36 [Note] MySQL: Normal shutdown

150926 14:04:36 [Note] Event Scheduler: Purging the queue. 0 events
150926 14:04:36 [Note] MySQL: Shutdown complete

150926 14:04:40 [Note] Plugin 'InnoDB' disabled by command line option
150926 14:04:40 [Note] Event Scheduler: Loaded 0 events
150926 14:04:40 [Note] MySQL: ready for connections.
Version: '5.1.28-rc-community'  socket: ''  port: 3306  MySQL Community Server (GPL)
150926 14:04:44 [Note] MySQL: Normal shutdown

150926 14:04:44 [Note] Event Scheduler: Purging the queue. 0 events
150926 14:04:44 [Note] MySQL: Shutdown complete

150926 14:05:01 [Note] Plugin 'InnoDB' disabled by command line option
150926 14:05:01 [Note] Event Scheduler: Loaded 0 events
150926 14:05:01 [Note] MySQL: ready for connections.
Version: '5.1.28-rc-community'  socket: ''  port: 3306  MySQL Community Server (GPL)
150926 14:08:01 [Note] MySQL: Normal shutdown

150926 14:08:01 [Note] Event Scheduler: Purging the queue. 0 events
150926 14:08:01 [Note] MySQL: Shutdown complete

150926 14:08:04 [Note] Plugin 'InnoDB' disabled by command line option
150926 14:08:04 [Note] Event Scheduler: Loaded 0 events
150926 14:08:04 [Note] MySQL: ready for connections.
Version: '5.1.28-rc-community'  socket: ''  port: 3306  MySQL Community Server (GPL)
150926 14:09:54 [Note] MySQL: Normal shutdown

150926 14:09:54 [Note] Event Scheduler: Purging the queue. 0 events
150926 14:09:54 [Note] MySQL: Shutdown complete

150926 14:09:57 [Note] Plugin 'InnoDB' disabled by command line option
150926 14:09:57 [Note] Event Scheduler: Loaded 0 events
150926 14:09:57 [Note] MySQL: ready for connections.
Version: '5.1.28-rc-community'  socket: ''  port: 3306  MySQL Community Server (GPL)
150926 14:12:41 [Note] MySQL: Normal shutdown

150926 14:12:41 [Note] Event Scheduler: Purging the queue. 0 events
150926 14:12:43 [Warning] MySQL: Forcing close of thread 11  user: 'root'

150926 14:12:43 [Warning] MySQL: Forcing close of thread 10  user: 'root'

150926 14:12:43 [Warning] MySQL: Forcing close of thread 9  user: 'root'

150926 14:12:43 [Note] MySQL: Shutdown complete

150926 14:12:45 [Note] Plugin 'InnoDB' disabled by command line option
150926 14:12:45 [Note] Event Scheduler: Loaded 0 events
150926 14:12:45 [Note] MySQL: ready for connections.
Version: '5.1.28-rc-community'  socket: ''  port: 3306  MySQL Community Server (GPL)
151013  8:16:37 [Note] Plugin 'InnoDB' disabled by command line option
151013  8:16:37 [Note] Event Scheduler: Loaded 0 events
151013  8:16:37 [Note] F:\Ìý´¥Õï\2\LoginFrame\DB\MySQL5.1\bin\mysqld-nt.exe: ready for connections.
Version: '5.1.28-rc-community'  socket: ''  port: 3306  MySQL Community Server (GPL)
151013  8:17:39 [Note] Plugin 'InnoDB' disabled by command line option
151013  8:17:39 [Note] Event Scheduler: Loaded 0 events
151013  8:17:39 [Note] F:\Ìý´¥Õï\2\LoginFrame\DB\MySQL5.1\bin\mysqld-nt.exe: ready for connections.
Version: '5.1.28-rc-community'  socket: ''  port: 3306  MySQL Community Server (GPL)
151013  8:18:01 [Note] Plugin 'InnoDB' disabled by command line option
151013  8:18:01 [Note] Event Scheduler: Loaded 0 events
151013  8:18:01 [Note] F:\Ìý´¥Õï\2\LoginFrame\DB\MySQL5.1\bin\mysqld-nt.exe: ready for connections.
Version: '5.1.28-rc-community'  socket: ''  port: 3306  MySQL Community Server (GPL)
151013  8:18:54 [Note] Plugin 'InnoDB' disabled by command line option
151013  8:18:54 [Note] Event Scheduler: Loaded 0 events
151013  8:18:54 [Note] F:\Ìý´¥Õï\2\LoginFrame\DB\MySQL5.1\bin\mysqld-nt.exe: ready for connections.
Version: '5.1.28-rc-community'  socket: ''  port: 3306  MySQL Community Server (GPL)
151013  8:20:16 [Note] Plugin 'InnoDB' disabled by command line option
151013  8:20:16 [Note] Event Scheduler: Loaded 0 events
151013  8:20:16 [Note] F:\Ìý´¥Õï\2\LoginFrame\DB\MySQL5.1\bin\mysqld-nt.exe: ready for connections.
Version: '5.1.28-rc-community'  socket: ''  port: 3306  MySQL Community Server (GPL)
151018  6:29:25 [Note] Plugin 'InnoDB' disabled by command line option
151018  6:30:26 [Note] Plugin 'InnoDB' disabled by command line option
151018  6:31:04 [Note] Plugin 'InnoDB' disabled by command line option
151018  6:31:43 [Note] Plugin 'InnoDB' disabled by command line option
151018  6:39:17 [Note] Plugin 'InnoDB' disabled by command line option
151018  6:42:16 [Note] Plugin 'InnoDB' disabled by command line option
151018  7:11:02 [Note] Plugin 'InnoDB' disabled by command line option
151018  7:13:13 [Note] Plugin 'InnoDB' disabled by command line option
151018  7:15:25 [Note] Plugin 'InnoDB' disabled by command line option
151018  7:20:02 [Note] Plugin 'InnoDB' disabled by command line option
151018  7:21:10 [Note] Plugin 'InnoDB' disabled by command line option
151018  7:24:47 [Note] Plugin 'InnoDB' disabled by command line option
151018  7:29:12 [Note] Plugin 'InnoDB' disabled by command line option
151018  7:41:44 [Note] Plugin 'InnoDB' disabled by command line option
151018  7:54:47 [Note] Plugin 'InnoDB' disabled by command line option
151018  7:55:32 [Note] Plugin 'InnoDB' disabled by command line option
151018  7:59:50 [Note] Plugin 'InnoDB' disabled by command line option
151018  8:01:52 [Note] Plugin 'InnoDB' disabled by command line option
151018  8:09:02 [Note] Plugin 'InnoDB' disabled by command line option
151018  8:28:25 [Note] Plugin 'InnoDB' disabled by command line option
151018 10:37:52 [Note] Plugin 'InnoDB' disabled by command line option
151018 10:39:39 [Note] Plugin 'InnoDB' disabled by command line option
151018 10:45:36 [Note] Plugin 'InnoDB' disabled by command line option
151018 11:06:19 [Note] Plugin 'InnoDB' disabled by command line option
151018 11:10:59 [Note] Plugin 'InnoDB' disabled by command line option
151018 11:11:49 [Note] Plugin 'InnoDB' disabled by command line option
151018 11:13:19 [Note] Plugin 'InnoDB' disabled by command line option
151018 11:18:43 [Note] Plugin 'InnoDB' disabled by command line option
151018 12:48:11 [Note] Plugin 'InnoDB' disabled by command line option
151018 12:53:03 [Note] Plugin 'InnoDB' disabled by command line option
151018 13:01:28 [Note] Plugin 'InnoDB' disabled by command line option
151018 13:04:41 [Note] Plugin 'InnoDB' disabled by command line option
151018 13:28:52 [Note] Plugin 'InnoDB' disabled by command line option
151018 13:34:58 [Note] Plugin 'InnoDB' disabled by command line option
151018 13:34:58 [Note] Event Scheduler: Loaded 0 events
151018 13:34:58 [Note] E:\Ìý´¥ÕïÏîÄ¿\2\LoginFrame\DB\MySQL5.1\bin\mysqld-nt.exe: ready for connections.
Version: '5.1.28-rc-community'  socket: ''  port: 3306  MySQL Community Server (GPL)
151018 13:38:01 [Note] Plugin 'InnoDB' disabled by command line option
151018 13:56:45 [Note] Plugin 'InnoDB' disabled by command line option
151018 14:13:51 [Note] Plugin 'InnoDB' disabled by command line option
151018 17:51:03 [Note] Plugin 'InnoDB' disabled by command line option
151018 17:54:50 [Note] Plugin 'InnoDB' disabled by command line option
151018 17:57:22 [Note] Plugin 'InnoDB' disabled by command line option
151018 18:42:04 [Note] Plugin 'InnoDB' disabled by command line option
151018 19:28:47 [Note] Plugin 'InnoDB' disabled by command line option
151018 19:30:59 [Note] Plugin 'InnoDB' disabled by command line option
151018 19:34:44 [Note] Plugin 'InnoDB' disabled by command line option
151018 19:35:57 [Note] Plugin 'InnoDB' disabled by command line option
151018 19:36:48 [Note] Plugin 'InnoDB' disabled by command line option
151018 19:37:50 [Note] Plugin 'InnoDB' disabled by command line option
151018 19:38:53 [Note] Plugin 'InnoDB' disabled by command line option
151019  4:53:31 [Note] Plugin 'InnoDB' disabled by command line option
151019  4:55:22 [Note] Plugin 'InnoDB' disabled by command line option
151019  5:01:20 [Note] Plugin 'InnoDB' disabled by command line option
151019  5:04:27 [Note] Plugin 'InnoDB' disabled by command line option
151019  5:06:16 [Note] Plugin 'InnoDB' disabled by command line option
151019  5:09:22 [Note] Plugin 'InnoDB' disabled by command line option
151019  5:12:11 [Note] Plugin 'InnoDB' disabled by command line option
151019  5:15:21 [Note] Plugin 'InnoDB' disabled by command line option
151019  5:23:24 [Note] Plugin 'InnoDB' disabled by command line option
151019  5:26:21 [Note] Plugin 'InnoDB' disabled by command line option
151019  5:27:00 [Note] Plugin 'InnoDB' disabled by command line option
151019  5:28:52 [Note] Plugin 'InnoDB' disabled by command line option
151019  5:30:24 [Note] Plugin 'InnoDB' disabled by command line option
151019  5:35:09 [Note] Plugin 'InnoDB' disabled by command line option
151019  5:42:36 [Note] Plugin 'InnoDB' disabled by command line option
151019  5:43:21 [Note] Plugin 'InnoDB' disabled by command line option
151019  5:59:34 [Note] Plugin 'InnoDB' disabled by command line option
Can't start server: Bind on TCP/IP port: No such file or directory
151019  5:59:34 [ERROR] Do you already have another mysqld server running on port: 3306 ?
151019  5:59:34 [ERROR] Aborting

151019  5:59:34 [Note] E:\Ìý´¥ÕïÏîÄ¿\2\LoginFrame\DB\MySQL5.1\bin\mysqld-nt.exe: Shutdown complete

151019  6:00:12 [Note] Plugin 'InnoDB' disabled by command line option
151019  6:05:15 [Note] Plugin 'InnoDB' disabled by command line option
151019  6:08:10 [Note] Plugin 'InnoDB' disabled by command line option
151019  6:10:47 [Note] Plugin 'InnoDB' disabled by command line option
151019  6:14:01 [Note] Plugin 'InnoDB' disabled by command line option
151019  6:14:48 [Note] Plugin 'InnoDB' disabled by command line option
151019  6:15:40 [Note] Plugin 'InnoDB' disabled by command line option
151019  6:20:50 [Note] Plugin 'InnoDB' disabled by command line option
151019  6:30:06 [Note] Plugin 'InnoDB' disabled by command line option
151019  6:34:02 [Note] Plugin 'InnoDB' disabled by command line option
151019  6:36:42 [Note] Plugin 'InnoDB' disabled by command line option
151019  6:36:42 [Note] Event Scheduler: Loaded 0 events
151019  6:36:42 [Note] E:\Ìý´¥ÕïÏîÄ¿\2\LoginFrame\DB\MySQL5.1\bin\mysqld-nt.exe: ready for connections.
Version: '5.1.28-rc-community'  socket: ''  port: 3306  MySQL Community Server (GPL)
151019  6:39:49 [Note] Plugin 'InnoDB' disabled by command line option
151019  6:40:20 [Note] Plugin 'InnoDB' disabled by command line option
151019  7:05:50 [Note] Plugin 'InnoDB' disabled by command line option
151020 18:15:18 [Note] Plugin 'InnoDB' disabled by command line option
Can't start server: Bind on TCP/IP port: No such file or directory
151020 18:15:18 [ERROR] Do you already have another mysqld server running on port: 3306 ?
151020 18:15:18 [ERROR] Aborting

151020 18:15:18 [Note] E:\Ìý´¥ÕïÏîÄ¿\3\LoginFrame\DB\MySQL5.1\bin\mysqld-nt.exe: Shutdown complete

151020 18:16:04 [Note] Plugin 'InnoDB' disabled by command line option
Can't start server: Bind on TCP/IP port: No such file or directory
151020 18:16:04 [ERROR] Do you already have another mysqld server running on port: 3306 ?
151020 18:16:04 [ERROR] Aborting

151020 18:16:04 [Note] E:\Ìý´¥ÕïÏîÄ¿\3\LoginFrame\DB\MySQL5.1\bin\mysqld-nt.exe: Shutdown complete

151020 18:17:19 [Note] Plugin 'InnoDB' disabled by command line option
Can't start server: Bind on TCP/IP port: No such file or directory
151020 18:17:19 [ERROR] Do you already have another mysqld server running on port: 3306 ?
151020 18:17:19 [ERROR] Aborting

151020 18:17:19 [Note] E:\Ìý´¥ÕïÏîÄ¿\3\LoginFrame\DB\MySQL5.1\bin\mysqld-nt.exe: Shutdown complete

151020 18:17:54 [Note] Plugin 'InnoDB' disabled by command line option
Can't start server: Bind on TCP/IP port: No such file or directory
151020 18:17:54 [ERROR] Do you already have another mysqld server running on port: 3306 ?
151020 18:17:54 [ERROR] Aborting

151020 18:17:54 [Note] E:\Ìý´¥ÕïÏîÄ¿\3\LoginFrame\DB\MySQL5.1\bin\mysqld-nt.exe: Shutdown complete

151020 18:18:47 [Note] Plugin 'InnoDB' disabled by command line option
151020 18:31:23 [Note] Plugin 'InnoDB' disabled by command line option
151020 18:36:32 [Note] Plugin 'InnoDB' disabled by command line option
151020 18:38:01 [Note] Plugin 'InnoDB' disabled by command line option
151020 18:39:18 [Note] Plugin 'InnoDB' disabled by command line option
151020 18:49:07 [Note] Plugin 'InnoDB' disabled by command line option
151020 18:53:40 [Note] Plugin 'InnoDB' disabled by command line option
151020 18:59:37 [Note] Plugin 'InnoDB' disabled by command line option
151020 19:11:05 [Note] Plugin 'InnoDB' disabled by command line option
151020 19:13:22 [Note] Plugin 'InnoDB' disabled by command line option
151020 19:17:16 [Note] Plugin 'InnoDB' disabled by command line option
151020 19:23:51 [Note] Plugin 'InnoDB' disabled by command line option
151020 19:28:46 [Note] Plugin 'InnoDB' disabled by command line option
151020 19:37:34 [Note] Plugin 'InnoDB' disabled by command line option
151020 19:40:18 [Note] Plugin 'InnoDB' disabled by command line option
151020 19:40:40 [Note] Plugin 'InnoDB' disabled by command line option
151020 19:42:28 [Note] Plugin 'InnoDB' disabled by command line option
151020 19:46:22 [Note] Plugin 'InnoDB' disabled by command line option
151020 19:48:29 [Note] Plugin 'InnoDB' disabled by command line option
151020 19:49:38 [Note] Plugin 'InnoDB' disabled by command line option
151020 19:51:49 [Note] Plugin 'InnoDB' disabled by command line option
151020 19:54:58 [Note] Plugin 'InnoDB' disabled by command line option
151020 20:03:45 [Note] Plugin 'InnoDB' disabled by command line option
151020 20:04:07 [Note] Plugin 'InnoDB' disabled by command line option
151020 20:06:21 [Note] Plugin 'InnoDB' disabled by command line option
151020 20:08:46 [Note] Plugin 'InnoDB' disabled by command line option
151021  4:22:44 [Note] Plugin 'InnoDB' disabled by command line option
151021  4:23:24 [Note] Plugin 'InnoDB' disabled by command line option
151021  4:25:55 [Note] Plugin 'InnoDB' disabled by command line option
151021  4:26:58 [Note] Plugin 'InnoDB' disabled by command line option
151021  4:30:22 [Note] Plugin 'InnoDB' disabled by command line option
151021  4:33:04 [Note] Plugin 'InnoDB' disabled by command line option
151021  4:49:40 [Note] Plugin 'InnoDB' disabled by command line option
151021  4:50:14 [Note] Plugin 'InnoDB' disabled by command line option
151021  4:51:55 [Note] Plugin 'InnoDB' disabled by command line option
151021  4:57:17 [Note] Plugin 'InnoDB' disabled by command line option
151021  4:58:16 [Note] Plugin 'InnoDB' disabled by command line option
151021  4:59:52 [Note] Plugin 'InnoDB' disabled by command line option
151021  5:01:44 [Note] Plugin 'InnoDB' disabled by command line option
151021  5:03:51 [Note] Plugin 'InnoDB' disabled by command line option
151021  5:09:04 [Note] Plugin 'InnoDB' disabled by command line option
151021  5:19:52 [Note] Plugin 'InnoDB' disabled by command line option
151021  5:22:09 [Note] Plugin 'InnoDB' disabled by command line option
151021  5:30:59 [Note] Plugin 'InnoDB' disabled by command line option
151021  5:33:42 [Note] Plugin 'InnoDB' disabled by command line option
151021  5:41:47 [Note] Plugin 'InnoDB' disabled by command line option
151021  5:42:32 [Note] Plugin 'InnoDB' disabled by command line option
151021  5:44:30 [Note] Plugin 'InnoDB' disabled by command line option
151021  5:46:43 [Note] Plugin 'InnoDB' disabled by command line option
151021  5:51:34 [Note] Plugin 'InnoDB' disabled by command line option
151021  5:56:51 [Note] Plugin 'InnoDB' disabled by command line option
151021  5:58:55 [Note] Plugin 'InnoDB' disabled by command line option
151021  6:02:03 [Note] Plugin 'InnoDB' disabled by command line option
151021  6:05:47 [Note] Plugin 'InnoDB' disabled by command line option
151021  6:06:28 [Note] Plugin 'InnoDB' disabled by command line option
151021 10:49:16 [Note] Plugin 'InnoDB' disabled by command line option
151021 10:49:16 [Note] Event Scheduler: Loaded 0 events
151021 10:49:16 [Note] F:\Ìý´¥Õï\4\LoginFrame\DB\MySQL5.1\bin\mysqld-nt.exe: ready for connections.
Version: '5.1.28-rc-community'  socket: ''  port: 3306  MySQL Community Server (GPL)
151021 11:20:36 [Note] Plugin 'InnoDB' disabled by command line option
151021 11:20:36 [Note] Event Scheduler: Loaded 0 events
151021 11:20:36 [Note] F:\Ìý´¥Õï\4\LoginFrame\DB\MySQL5.1\bin\mysqld-nt.exe: ready for connections.
Version: '5.1.28-rc-community'  socket: ''  port: 3306  MySQL Community Server (GPL)
151021 11:24:49 [Note] Plugin 'InnoDB' disabled by command line option
151021 11:24:49 [Note] Event Scheduler: Loaded 0 events
151021 11:24:49 [Note] F:\Ìý´¥Õï\4\LoginFrame\DB\MySQL5.1\bin\mysqld-nt.exe: ready for connections.
Version: '5.1.28-rc-community'  socket: ''  port: 3306  MySQL Community Server (GPL)
151021 11:43:24 [Note] Plugin 'InnoDB' disabled by command line option
151021 11:43:24 [Note] Event Scheduler: Loaded 0 events
151021 11:43:24 [Note] F:\Ìý´¥Õï\4\LoginFrame\DB\MySQL5.1\bin\mysqld-nt.exe: ready for connections.
Version: '5.1.28-rc-community'  socket: ''  port: 3306  MySQL Community Server (GPL)
151021 11:48:49 [Note] Plugin 'InnoDB' disabled by command line option
151021 11:48:49 [Note] Event Scheduler: Loaded 0 events
151021 11:48:49 [Note] F:\Ìý´¥Õï\4\LoginFrame\DB\MySQL5.1\bin\mysqld-nt.exe: ready for connections.
Version: '5.1.28-rc-community'  socket: ''  port: 3306  MySQL Community Server (GPL)
151021 11:58:51 [Note] Plugin 'InnoDB' disabled by command line option
151021 11:58:51 [Note] Event Scheduler: Loaded 0 events
151021 11:58:51 [Note] F:\Ìý´¥Õï\4\LoginFrame\DB\MySQL5.1\bin\mysqld-nt.exe: ready for connections.
Version: '5.1.28-rc-community'  socket: ''  port: 3306  MySQL Community Server (GPL)
151021 12:00:19 [Note] Plugin 'InnoDB' disabled by command line option
151021 12:00:19 [Note] Event Scheduler: Loaded 0 events
151021 12:00:19 [Note] F:\Ìý´¥Õï\4\LoginFrame\DB\MySQL5.1\bin\mysqld-nt.exe: ready for connections.
Version: '5.1.28-rc-community'  socket: ''  port: 3306  MySQL Community Server (GPL)
151021 16:15:59 [Note] Plugin 'InnoDB' disabled by command line option
151021 16:15:59 [Note] Event Scheduler: Loaded 0 events
151021 16:15:59 [Note] F:\Ìý´¥Õï\5\LoginFrame\DB\MySQL5.1\bin\mysqld-nt.exe: ready for connections.
Version: '5.1.28-rc-community'  socket: ''  port: 3306  MySQL Community Server (GPL)
151021 16:16:36 [Note] Plugin 'InnoDB' disabled by command line option
151021 16:16:36 [Note] Event Scheduler: Loaded 0 events
151021 16:16:36 [Note] F:\Ìý´¥Õï\5\LoginFrame\DB\MySQL5.1\bin\mysqld-nt.exe: ready for connections.
Version: '5.1.28-rc-community'  socket: ''  port: 3306  MySQL Community Server (GPL)
151022  8:40:30 [Note] Plugin 'InnoDB' disabled by command line option
151022  8:40:30 [Note] Event Scheduler: Loaded 0 events
151022  8:40:30 [Note] F:\Ìý´¥Õï\5\LoginFrame\DB\MySQL5.1\bin\mysqld-nt.exe: ready for connections.
Version: '5.1.28-rc-community'  socket: ''  port: 3306  MySQL Community Server (GPL)
151022  8:42:04 [Note] Plugin 'InnoDB' disabled by command line option
151022  8:42:04 [Note] Event Scheduler: Loaded 0 events
151022  8:42:04 [Note] F:\Ìý´¥Õï\5\LoginFrame\DB\MySQL5.1\bin\mysqld-nt.exe: ready for connections.
Version: '5.1.28-rc-community'  socket: ''  port: 3306  MySQL Community Server (GPL)
151022  8:44:42 [Note] Plugin 'InnoDB' disabled by command line option
151022  8:44:42 [Note] Event Scheduler: Loaded 0 events
151022  8:44:42 [Note] F:\Ìý´¥Õï\5\LoginFrame\DB\MySQL5.1\bin\mysqld-nt.exe: ready for connections.
Version: '5.1.28-rc-community'  socket: ''  port: 3306  MySQL Community Server (GPL)
151022  8:45:48 [Note] Plugin 'InnoDB' disabled by command line option
151022  8:45:48 [Note] Event Scheduler: Loaded 0 events
151022  8:45:48 [Note] F:\Ìý´¥Õï\5\LoginFrame\DB\MySQL5.1\bin\mysqld-nt.exe: ready for connections.
Version: '5.1.28-rc-community'  socket: ''  port: 3306  MySQL Community Server (GPL)
151022  8:57:56 [Note] Plugin 'InnoDB' disabled by command line option
151022  8:57:56 [Note] Event Scheduler: Loaded 0 events
151022  8:57:56 [Note] F:\Ìý´¥Õï\5\LoginFrame\DB\MySQL5.1\bin\mysqld-nt.exe: ready for connections.
Version: '5.1.28-rc-community'  socket: ''  port: 3306  MySQL Community Server (GPL)
151022  8:59:08 [Note] Plugin 'InnoDB' disabled by command line option
151022  8:59:08 [Note] Event Scheduler: Loaded 0 events
151022  8:59:08 [Note] F:\Ìý´¥Õï\5\LoginFrame\DB\MySQL5.1\bin\mysqld-nt.exe: ready for connections.
Version: '5.1.28-rc-community'  socket: ''  port: 3306  MySQL Community Server (GPL)
151022  9:13:13 [Note] Plugin 'InnoDB' disabled by command line option
151022  9:13:13 [Note] Event Scheduler: Loaded 0 events
151022  9:13:13 [Note] F:\Ìý´¥Õï\5\LoginFrame\DB\MySQL5.1\bin\mysqld-nt.exe: ready for connections.
Version: '5.1.28-rc-community'  socket: ''  port: 3306  MySQL Community Server (GPL)
151022  9:19:57 [Note] Plugin 'InnoDB' disabled by command line option
151022  9:19:57 [Note] Event Scheduler: Loaded 0 events
151022  9:19:57 [Note] F:\Ìý´¥Õï\5\LoginFrame\DB\MySQL5.1\bin\mysqld-nt.exe: ready for connections.
Version: '5.1.28-rc-community'  socket: ''  port: 3306  MySQL Community Server (GPL)
151022 10:37:47 [Note] Plugin 'InnoDB' disabled by command line option
151022 10:37:47 [Note] Event Scheduler: Loaded 0 events
151022 10:37:47 [Note] F:\Ìý´¥Õï\5\LoginFrame\DB\MySQL5.1\bin\mysqld-nt.exe: ready for connections.
Version: '5.1.28-rc-community'  socket: ''  port: 3306  MySQL Community Server (GPL)
151028 14:48:41 [Note] Plugin 'InnoDB' disabled by command line option
151028 14:48:41 [Note] Event Scheduler: Loaded 0 events
151028 14:48:41 [Note] F:\Ìý´¥Õï\5\LoginFrame\DB\MySQL5.1\bin\mysqld-nt.exe: ready for connections.
Version: '5.1.28-rc-community'  socket: ''  port: 13306  MySQL Community Server (GPL)
151028 14:49:14 [Note] Plugin 'InnoDB' disabled by command line option
151028 14:49:14 [Note] Event Scheduler: Loaded 0 events
151028 14:49:14 [Note] F:\Ìý´¥Õï\5\LoginFrame\DB\MySQL5.1\bin\mysqld-nt.exe: ready for connections.
Version: '5.1.28-rc-community'  socket: ''  port: 13306  MySQL Community Server (GPL)
151028 14:50:40 [Note] Plugin 'InnoDB' disabled by command line option
151028 14:50:40 [Note] Event Scheduler: Loaded 0 events
151028 14:50:40 [Note] F:\Ìý´¥Õï\5\LoginFrame\DB\MySQL5.1\bin\mysqld-nt.exe: ready for connections.
Version: '5.1.28-rc-community'  socket: ''  port: 13306  MySQL Community Server (GPL)
151028 14:52:33 [Note] Plugin 'InnoDB' disabled by command line option
151028 14:52:33 [Note] Event Scheduler: Loaded 0 events
151028 14:52:33 [Note] F:\Ìý´¥Õï\5\LoginFrame\DB\MySQL5.1\bin\mysqld-nt.exe: ready for connections.
Version: '5.1.28-rc-community'  socket: ''  port: 13306  MySQL Community Server (GPL)
